<?xml version="1.0" encoding="UTF-8"?>
<!-- Generated by org.testng.reporters.JUnitXMLReporter -->
<testsuite ignored="0" hostname="DESKTOP-OTOSE76" failures="0" tests="4" name="Test123" time="0.206" errors="0" timestamp="2023-10-18T18:02:06 CEST">
  <testcase classname="amazonTestCasesPack.TestClassComman" name="@BeforeTest launchBrowser" time="-1.697644926304E9">
    <failure type="org.testng.TestNGException" message="
Parameter &amp;apos;browser&amp;apos; is required by BeforeTest on method launchBrowser but has not been marked @Optional or defined
in C:\Users\Admin\eclipse-workspace\AmazonMaven1\RegressionSuite.xml">
      <![CDATA[org.testng.TestNGException: 
Parameter 'browser' is required by BeforeTest on method launchBrowser but has not been marked @Optional or defined
in C:\Users\Admin\eclipse-workspace\AmazonMaven1\RegressionSuite.xml
... Removed 21 stack frames]]>
    </failure>
  </testcase> <!-- @BeforeTest launchBrowser -->
  <testcase classname="amazonTestCasesPack.TestClassComman" name="@BeforeClass creatingPOMObject" time="0.0">
    <skipped/>
  </testcase> <!-- @BeforeClass creatingPOMObject -->
  <testcase classname="amazonTestCasesPack.TestClassComman" name="@BeforeMethod openhomepage" time="0.0">
    <skipped/>
  </testcase> <!-- @BeforeMethod openhomepage -->
  <testcase classname="amazonTestCasesPack.TestClassComman" name="@AfterMethod toVerifyLogoutPage" time="0.0">
    <skipped/>
  </testcase> <!-- @AfterMethod toVerifyLogoutPage -->
  <testcase classname="amazonTestCasesPack.TestClassComman" name="@BeforeMethod openhomepage" time="0.0">
    <skipped/>
  </testcase> <!-- @BeforeMethod openhomepage -->
  <testcase classname="amazonTestCasesPack.TestClassComman" name="@AfterMethod toVerifyLogoutPage" time="0.0">
    <skipped/>
  </testcase> <!-- @AfterMethod toVerifyLogoutPage -->
  <testcase classname="amazonTestCasesPack.TestClassComman" name="@BeforeMethod openhomepage" time="0.0">
    <skipped/>
  </testcase> <!-- @BeforeMethod openhomepage -->
  <testcase classname="amazonTestCasesPack.TestClassComman" name="@AfterMethod toVerifyLogoutPage" time="0.0">
    <skipped/>
  </testcase> <!-- @AfterMethod toVerifyLogoutPage -->
  <testcase classname="amazonTestCasesPack.TestClassComman" name="@AfterClass clearObject" time="0.0">
    <skipped/>
  </testcase> <!-- @AfterClass clearObject -->
  <testcase classname="amazonTestCasesPack.TestClassOfYourOrder" name="@BeforeClass launchBrowser" time="0.0">
    <skipped/>
  </testcase> <!-- @BeforeClass launchBrowser -->
  <testcase classname="amazonTestCasesPack.TestClassOfYourOrder" name="@BeforeMethod openhomepage" time="0.0">
    <skipped/>
  </testcase> <!-- @BeforeMethod openhomepage -->
  <testcase classname="amazonTestCasesPack.TestClassOfYourOrder" name="@AfterMethod toVerifyLogoutPage" time="0.0">
    <skipped/>
  </testcase> <!-- @AfterMethod toVerifyLogoutPage -->
  <testcase classname="amazonTestCasesPack.TestClassOfYourOrder" name="@AfterClass closeBrowser" time="0.0">
    <skipped/>
  </testcase> <!-- @AfterClass closeBrowser -->
  <testcase classname="amazonTestCasesPack.TestClassComman" name="@AfterTest closeBrowser" time="0.0">
    <skipped/>
  </testcase> <!-- @AfterTest closeBrowser -->
  <testcase classname="amazonTestCasesPack.TestClassComman" name="toVerifyAddToCardTabOnHeader" time="0.001">
    <skipped/>
  </testcase> <!-- toVerifyAddToCardTabOnHeader -->
  <testcase classname="amazonTestCasesPack.TestClassComman" name="toVerifyAddtoCardProductonHomePage" time="0.0">
    <skipped/>
  </testcase> <!-- toVerifyAddtoCardProductonHomePage -->
  <testcase classname="amazonTestCasesPack.TestClassComman" name="toVerifySearchTabOnHeader" time="0.001">
    <skipped/>
  </testcase> <!-- toVerifySearchTabOnHeader -->
  <testcase classname="amazonTestCasesPack.TestClassOfYourOrder" name="toVerifyAddToCardTabOnHeader" time="0.0">
    <skipped/>
  </testcase> <!-- toVerifyAddToCardTabOnHeader -->
</testsuite> <!-- Test123 -->
